<?xml version="1.0" encoding="UTF-8"?>
<!-- Generated by org.testng.reporters.JUnitReportReporter -->
<testsuite hostname="DESKTOP-964MVFM" failures="0" tests="2" name="com.OHRM.TestCases.TC001_Login" time="51.768" errors="0" timestamp="17 Jul 2024 07:41:44 GMT" skipped="0">
  <testcase classname="com.OHRM.TestCases.TC001_Login" name="pimTest" time="30.857"/>
  <testcase classname="com.OHRM.TestCases.TC001_Login" name="loginTest" time="20.911"/>
</testsuite> <!-- com.OHRM.TestCases.TC001_Login -->
